This file contains any messages produced by compilers while
running configure, to aid debugging if configure makes a mistake.

It was created by ID3 Tag configure 0.15.1b, which was
generated by GNU Autoconf 2.59.  Invocation command line was

  $ ./configure CC=mipsel-linux-gcc --host=mipsel-linux --disable-debugging --disable-shared --prefix=/home/cjfeng/app2.6/mips-linux

## --------- ##
## Platform. ##
## --------- ##

hostname = stlnx.ic
uname -m = i686
uname -r = 2.6.9-1.667smp
uname -s = Linux
uname -v = #1 SMP Tue Nov 2 14:59:52 EST 2004

/usr/bin/uname -p = unknown
/bin/uname -X     = unknown

/bin/arch              = i686
/usr/bin/arch -k       = unknown
/usr/convex/getsysinfo = unknown
hostinfo               = unknown
/bin/machine           = unknown
/usr/bin/oslevel       = unknown
/bin/universe          = unknown

PATH: /stdev/development/toolchain/mips/mipsisa32-elf/bin
PATH: /stdev/development/toolchain/mips/mipseltools-20060308/bin
PATH: /stdev/development/toolchain/mips/mipsisa32-elf/bin
PATH: /stdev/development/toolchain/mips/mipseltools-20060308/bin
PATH: /usr/kerberos/bin
PATH: /usr/local/bin
PATH: /bin
PATH: /usr/bin
PATH: /usr/X11R6/bin
PATH: /home/cjfeng/bin
PATH: ./


## ----------- ##
## Core tests. ##
## ----------- ##

configure:1559: checking for a BSD-compatible install
configure:1614: result: /usr/bin/install -c
configure:1625: checking whether build environment is sane
configure:1668: result: yes
configure:1725: checking for gawk
configure:1741: found /bin/gawk
configure:1751: result: gawk
configure:1761: checking whether make sets $(MAKE)
configure:1781: result: yes
configure:1860: checking for mipsel-linux-strip
configure:1876: found /stdev/development/toolchain/mips/mipseltools-20060308/bin/mipsel-linux-strip
configure:1886: result: mipsel-linux-strip
configure:1956: checking build system type
configure:1974: result: i686-pc-linux-gnu
configure:1982: checking host system type
configure:1996: result: mipsel-unknown-linux-gnu
configure:2014: checking for mipsel-linux-gcc
configure:2040: result: mipsel-linux-gcc
configure:2322: checking for C compiler version
configure:2325: mipsel-linux-gcc --version </dev/null >&5
mipsel-linux-gcc (GCC) 3.3.1
Copyright (C) 2003 Free Software Foundation, Inc.
This is free software; see the source for copying conditions.  There is NO
warranty; not even for MERCHANTABILITY or FITNESS FOR A PARTICULAR PURPOSE.

configure:2328: $? = 0
configure:2330: mipsel-linux-gcc -v </dev/null >&5
Reading specs from /stdev/development/toolchain/mips/mipseltools-20060308/bin/../lib/gcc-lib/mipsel-linux/3.3.1/specs
Configured with: ../gcc-3.3.1/configure --target=mipsel-linux --prefix=/opt/ingenic/mipseltools --enable-cross --enable-shared --enable-languages=c,c++ --enable-threads=posix --disable-multilib --with-headers=/opt/ingenic/mipseltools/mipsel-linux/include
Thread model: posix
gcc version 3.3.1
configure:2333: $? = 0
configure:2335: mipsel-linux-gcc -V </dev/null >&5
mipsel-linux-gcc: `-V' option must have argument
configure:2338: $? = 1
configure:2361: checking for C compiler default output file name
configure:2364: mipsel-linux-gcc    conftest.c  >&5
configure:2367: $? = 0
configure:2413: result: a.out
configure:2418: checking whether the C compiler works
configure:2424: ./a.out
./configure: line 2425: ./a.out: cannot execute binary file
configure:2427: $? = 126
configure:2444: result: yes
configure:2451: checking whether we are cross compiling
configure:2453: result: yes
configure:2456: checking for suffix of executables
configure:2458: mipsel-linux-gcc -o conftest    conftest.c  >&5
configure:2461: $? = 0
configure:2486: result: 
configure:2492: checking for suffix of object files
configure:2513: mipsel-linux-gcc -c   conftest.c >&5
configure:2516: $? = 0
configure:2538: result: o
configure:2542: checking whether we are using the GNU C compiler
configure:2566: mipsel-linux-gcc -c   conftest.c >&5
configure:2572: $? = 0
configure:2575: test -z 			 || test ! -s conftest.err
configure:2578: $? = 0
configure:2581: test -s conftest.o
configure:2584: $? = 0
configure:2597: result: yes
configure:2603: checking whether mipsel-linux-gcc accepts -g
configure:2624: mipsel-linux-gcc -c -g  conftest.c >&5
configure:2630: $? = 0
configure:2633: test -z 			 || test ! -s conftest.err
configure:2636: $? = 0
configure:2639: test -s conftest.o
configure:2642: $? = 0
configure:2653: result: yes
configure:2670: checking for mipsel-linux-gcc option to accept ANSI C
configure:2740: mipsel-linux-gcc  -c -g -O2  conftest.c >&5
configure:2746: $? = 0
configure:2749: test -z 			 || test ! -s conftest.err
configure:2752: $? = 0
configure:2755: test -s conftest.o
configure:2758: $? = 0
configure:2776: result: none needed
configure:2794: mipsel-linux-gcc -c -g -O2  conftest.c >&5
conftest.c:2: error: parse error before "me"
configure:2800: $? = 1
configure: failed program was:
| #ifndef __cplusplus
|   choke me
| #endif
configure:2941: checking for style of include used by make
configure:2969: result: GNU
configure:2997: checking dependency style of mipsel-linux-gcc
configure:3080: result: gcc3
configure:3185: checking for a sed that does not truncate output
configure:3239: result: /bin/sed
configure:3242: checking for egrep
configure:3252: result: grep -E
configure:3268: checking for ld used by mipsel-linux-gcc
configure:3335: result: /stdev/development/toolchain/mips/mipseltools-20060308/mipsel-linux/bin/ld
configure:3344: checking if the linker (/stdev/development/toolchain/mips/mipseltools-20060308/mipsel-linux/bin/ld) is GNU ld
configure:3359: result: yes
configure:3364: checking for /stdev/development/toolchain/mips/mipseltools-20060308/mipsel-linux/bin/ld option to reload object files
configure:3371: result: -r
configure:3380: checking for BSD-compatible nm
configure:3422: result: /stdev/development/toolchain/mips/mipseltools-20060308/bin/mipsel-linux-nm -B
configure:3426: checking whether ln -s works
configure:3430: result: yes
configure:3437: checking how to recognise dependent libraries
configure:3611: result: pass_all
configure:3824: checking how to run the C preprocessor
configure:3859: mipsel-linux-gcc -E  conftest.c
configure:3865: $? = 0
configure:3897: mipsel-linux-gcc -E  conftest.c
conftest.c:11:28: ac_nonexistent.h: No such file or directory
configure:3903: $? = 1
configure: failed program was:
| /* confdefs.h.  */
| 
| #define PACKAGE_NAME "ID3 Tag"
| #define PACKAGE_TARNAME "libid3tag"
| #define PACKAGE_VERSION "0.15.1b"
| #define PACKAGE_STRING "ID3 Tag 0.15.1b"
| #define PACKAGE_BUGREPORT "support@underbit.com"
| #define PACKAGE "libid3tag"
| #define VERSION "0.15.1b"
| /* end confdefs.h.  */
| #include <ac_nonexistent.h>
configure:3942: result: mipsel-linux-gcc -E
configure:3966: mipsel-linux-gcc -E  conftest.c
configure:3972: $? = 0
configure:4004: mipsel-linux-gcc -E  conftest.c
conftest.c:11:28: ac_nonexistent.h: No such file or directory
configure:4010: $? = 1
configure: failed program was:
| /* confdefs.h.  */
| 
| #define PACKAGE_NAME "ID3 Tag"
| #define PACKAGE_TARNAME "libid3tag"
| #define PACKAGE_VERSION "0.15.1b"
| #define PACKAGE_STRING "ID3 Tag 0.15.1b"
| #define PACKAGE_BUGREPORT "support@underbit.com"
| #define PACKAGE "libid3tag"
| #define VERSION "0.15.1b"
| /* end confdefs.h.  */
| #include <ac_nonexistent.h>
configure:4054: checking for ANSI C header files
configure:4079: mipsel-linux-gcc -c -g -O2  conftest.c >&5
configure:4085: $? = 0
configure:4088: test -z 			 || test ! -s conftest.err
configure:4091: $? = 0
configure:4094: test -s conftest.o
configure:4097: $? = 0
configure:4209: result: yes
configure:4233: checking for sys/types.h
configure:4249: mipsel-linux-gcc -c -g -O2  conftest.c >&5
configure:4255: $? = 0
configure:4258: test -z 			 || test ! -s conftest.err
configure:4261: $? = 0
configure:4264: test -s conftest.o
configure:4267: $? = 0
configure:4278: result: yes
configure:4233: checking for sys/stat.h
configure:4249: mipsel-linux-gcc -c -g -O2  conftest.c >&5
configure:4255: $? = 0
configure:4258: test -z 			 || test ! -s conftest.err
configure:4261: $? = 0
configure:4264: test -s conftest.o
configure:4267: $? = 0
configure:4278: result: yes
configure:4233: checking for stdlib.h
configure:4249: mipsel-linux-gcc -c -g -O2  conftest.c >&5
configure:4255: $? = 0
configure:4258: test -z 			 || test ! -s conftest.err
configure:4261: $? = 0
configure:4264: test -s conftest.o
configure:4267: $? = 0
configure:4278: result: yes
configure:4233: checking for string.h
configure:4249: mipsel-linux-gcc -c -g -O2  conftest.c >&5
configure:4255: $? = 0
configure:4258: test -z 			 || test ! -s conftest.err
configure:4261: $? = 0
configure:4264: test -s conftest.o
configure:4267: $? = 0
configure:4278: result: yes
configure:4233: checking for memory.h
configure:4249: mipsel-linux-gcc -c -g -O2  conftest.c >&5
configure:4255: $? = 0
configure:4258: test -z 			 || test ! -s conftest.err
configure:4261: $? = 0
configure:4264: test -s conftest.o
configure:4267: $? = 0
configure:4278: result: yes
configure:4233: checking for strings.h
configure:4249: mipsel-linux-gcc -c -g -O2  conftest.c >&5
configure:4255: $? = 0
configure:4258: test -z 			 || test ! -s conftest.err
configure:4261: $? = 0
configure:4264: test -s conftest.o
configure:4267: $? = 0
configure:4278: result: yes
configure:4233: checking for inttypes.h
configure:4249: mipsel-linux-gcc -c -g -O2  conftest.c >&5
configure:4255: $? = 0
configure:4258: test -z 			 || test ! -s conftest.err
configure:4261: $? = 0
configure:4264: test -s conftest.o
configure:4267: $? = 0
configure:4278: result: yes
configure:4233: checking for stdint.h
configure:4249: mipsel-linux-gcc -c -g -O2  conftest.c >&5
configure:4255: $? = 0
configure:4258: test -z 			 || test ! -s conftest.err
configure:4261: $? = 0
configure:4264: test -s conftest.o
configure:4267: $? = 0
configure:4278: result: yes
configure:4233: checking for unistd.h
configure:4249: mipsel-linux-gcc -c -g -O2  conftest.c >&5
configure:4255: $? = 0
configure:4258: test -z 			 || test ! -s conftest.err
configure:4261: $? = 0
configure:4264: test -s conftest.o
configure:4267: $? = 0
configure:4278: result: yes
configure:4304: checking dlfcn.h usability
configure:4316: mipsel-linux-gcc -c -g -O2  conftest.c >&5
configure:4322: $? = 0
configure:4325: test -z 			 || test ! -s conftest.err
configure:4328: $? = 0
configure:4331: test -s conftest.o
configure:4334: $? = 0
configure:4344: result: yes
configure:4348: checking dlfcn.h presence
configure:4358: mipsel-linux-gcc -E  conftest.c
configure:4364: $? = 0
configure:4384: result: yes
configure:4419: checking for dlfcn.h
configure:4426: result: yes
configure:4449: checking for mipsel-linux-g++
configure:4465: found /stdev/development/toolchain/mips/mipseltools-20060308/bin/mipsel-linux-g++
configure:4475: result: mipsel-linux-g++
configure:4533: checking for C++ compiler version
configure:4536: mipsel-linux-g++ --version </dev/null >&5
mipsel-linux-g++ (GCC) 3.3.1
Copyright (C) 2003 Free Software Foundation, Inc.
This is free software; see the source for copying conditions.  There is NO
warranty; not even for MERCHANTABILITY or FITNESS FOR A PARTICULAR PURPOSE.

configure:4539: $? = 0
configure:4541: mipsel-linux-g++ -v </dev/null >&5
Reading specs from /stdev/development/toolchain/mips/mipseltools-20060308/bin/../lib/gcc-lib/mipsel-linux/3.3.1/specs
Configured with: ../gcc-3.3.1/configure --target=mipsel-linux --prefix=/opt/ingenic/mipseltools --enable-cross --enable-shared --enable-languages=c,c++ --enable-threads=posix --disable-multilib --with-headers=/opt/ingenic/mipseltools/mipsel-linux/include
Thread model: posix
gcc version 3.3.1
configure:4544: $? = 0
configure:4546: mipsel-linux-g++ -V </dev/null >&5
mipsel-linux-g++: `-V' option must have argument
configure:4549: $? = 1
configure:4552: checking whether we are using the GNU C++ compiler
configure:4576: mipsel-linux-g++ -c   conftest.cc >&5
configure:4582: $? = 0
configure:4585: test -z 			 || test ! -s conftest.err
configure:4588: $? = 0
configure:4591: test -s conftest.o
configure:4594: $? = 0
configure:4607: result: yes
configure:4613: checking whether mipsel-linux-g++ accepts -g
configure:4634: mipsel-linux-g++ -c -g  conftest.cc >&5
configure:4640: $? = 0
configure:4643: test -z 			 || test ! -s conftest.err
configure:4646: $? = 0
configure:4649: test -s conftest.o
configure:4652: $? = 0
configure:4663: result: yes
configure:4705: mipsel-linux-g++ -c -g -O2  conftest.cc >&5
configure:4711: $? = 0
configure:4714: test -z 			 || test ! -s conftest.err
configure:4717: $? = 0
configure:4720: test -s conftest.o
configure:4723: $? = 0
configure:4749: mipsel-linux-g++ -c -g -O2  conftest.cc >&5
conftest.cc: In function `int main()':
conftest.cc:26: error: `exit' undeclared (first use this function)
conftest.cc:26: error: (Each undeclared identifier is reported only once for 
   each function it appears in.)
configure:4755: $? = 1
configure: failed program was:
| /* confdefs.h.  */
| 
| #define PACKAGE_NAME "ID3 Tag"
| #define PACKAGE_TARNAME "libid3tag"
| #define PACKAGE_VERSION "0.15.1b"
| #define PACKAGE_STRING "ID3 Tag 0.15.1b"
| #define PACKAGE_BUGREPORT "support@underbit.com"
| #define PACKAGE "libid3tag"
| #define VERSION "0.15.1b"
| #define STDC_HEADERS 1
| #define HAVE_SYS_TYPES_H 1
| #define HAVE_SYS_STAT_H 1
| #define HAVE_STDLIB_H 1
| #define HAVE_STRING_H 1
| #define HAVE_MEMORY_H 1
| #define HAVE_STRINGS_H 1
| #define HAVE_INTTYPES_H 1
| #define HAVE_STDINT_H 1
| #define HAVE_UNISTD_H 1
| #define HAVE_DLFCN_H 1
| /* end confdefs.h.  */
| 
| int
| main ()
| {
| exit (42);
|   ;
|   return 0;
| }
configure:4705: mipsel-linux-g++ -c -g -O2  conftest.cc >&5
configure:4711: $? = 0
configure:4714: test -z 			 || test ! -s conftest.err
configure:4717: $? = 0
configure:4720: test -s conftest.o
configure:4723: $? = 0
configure:4749: mipsel-linux-g++ -c -g -O2  conftest.cc >&5
configure:4755: $? = 0
configure:4758: test -z 			 || test ! -s conftest.err
configure:4761: $? = 0
configure:4764: test -s conftest.o
configure:4767: $? = 0
configure:4792: checking dependency style of mipsel-linux-g++
configure:4875: result: gcc3
configure:4897: checking how to run the C++ preprocessor
configure:4928: mipsel-linux-g++ -E  conftest.cc
configure:4934: $? = 0
configure:4966: mipsel-linux-g++ -E  conftest.cc
conftest.cc:25:28: ac_nonexistent.h: No such file or directory
configure:4972: $? = 1
configure: failed program was:
| /* confdefs.h.  */
| 
| #define PACKAGE_NAME "ID3 Tag"
| #define PACKAGE_TARNAME "libid3tag"
| #define PACKAGE_VERSION "0.15.1b"
| #define PACKAGE_STRING "ID3 Tag 0.15.1b"
| #define PACKAGE_BUGREPORT "support@underbit.com"
| #define PACKAGE "libid3tag"
| #define VERSION "0.15.1b"
| #define STDC_HEADERS 1
| #define HAVE_SYS_TYPES_H 1
| #define HAVE_SYS_STAT_H 1
| #define HAVE_STDLIB_H 1
| #define HAVE_STRING_H 1
| #define HAVE_MEMORY_H 1
| #define HAVE_STRINGS_H 1
| #define HAVE_INTTYPES_H 1
| #define HAVE_STDINT_H 1
| #define HAVE_UNISTD_H 1
| #define HAVE_DLFCN_H 1
| #ifdef __cplusplus
| extern "C" void std::exit (int) throw (); using std::exit;
| #endif
| /* end confdefs.h.  */
| #include <ac_nonexistent.h>
configure:5011: result: mipsel-linux-g++ -E
configure:5035: mipsel-linux-g++ -E  conftest.cc
configure:5041: $? = 0
configure:5073: mipsel-linux-g++ -E  conftest.cc
conftest.cc:25:28: ac_nonexistent.h: No such file or directory
configure:5079: $? = 1
configure: failed program was:
| /* confdefs.h.  */
| 
| #define PACKAGE_NAME "ID3 Tag"
| #define PACKAGE_TARNAME "libid3tag"
| #define PACKAGE_VERSION "0.15.1b"
| #define PACKAGE_STRING "ID3 Tag 0.15.1b"
| #define PACKAGE_BUGREPORT "support@underbit.com"
| #define PACKAGE "libid3tag"
| #define VERSION "0.15.1b"
| #define STDC_HEADERS 1
| #define HAVE_SYS_TYPES_H 1
| #define HAVE_SYS_STAT_H 1
| #define HAVE_STDLIB_H 1
| #define HAVE_STRING_H 1
| #define HAVE_MEMORY_H 1
| #define HAVE_STRINGS_H 1
| #define HAVE_INTTYPES_H 1
| #define HAVE_STDINT_H 1
| #define HAVE_UNISTD_H 1
| #define HAVE_DLFCN_H 1
| #ifdef __cplusplus
| extern "C" void std::exit (int) throw (); using std::exit;
| #endif
| /* end confdefs.h.  */
| #include <ac_nonexistent.h>
configure:5132: checking for mipsel-linux-g77
configure:5161: result: no
configure:5132: checking for mipsel-linux-f77
configure:5161: result: no
configure:5132: checking for mipsel-linux-xlf
configure:5161: result: no
configure:5132: checking for mipsel-linux-frt
configure:5161: result: no
configure:5132: checking for mipsel-linux-pgf77
configure:5161: result: no
configure:5132: checking for mipsel-linux-fort77
configure:5161: result: no
configure:5132: checking for mipsel-linux-fl32
configure:5161: result: no
configure:5132: checking for mipsel-linux-af77
configure:5161: result: no
configure:5132: checking for mipsel-linux-f90
configure:5161: result: no
configure:5132: checking for mipsel-linux-xlf90
configure:5161: result: no
configure:5132: checking for mipsel-linux-pgf90
configure:5161: result: no
configure:5132: checking for mipsel-linux-epcf90
configure:5161: result: no
configure:5132: checking for mipsel-linux-f95
configure:5161: result: no
configure:5132: checking for mipsel-linux-fort
configure:5161: result: no
configure:5132: checking for mipsel-linux-xlf95
configure:5161: result: no
configure:5132: checking for mipsel-linux-ifc
configure:5161: result: no
configure:5132: checking for mipsel-linux-efc
configure:5161: result: no
configure:5132: checking for mipsel-linux-pgf95
configure:5161: result: no
configure:5132: checking for mipsel-linux-lf95
configure:5161: result: no
configure:5132: checking for mipsel-linux-gfortran
configure:5161: result: no
configure:5174: checking for g77
configure:5190: found /usr/bin/g77
configure:5200: result: g77
configure:5215: checking for Fortran 77 compiler version
configure:5218: g77 --version </dev/null >&5
GNU Fortran (GCC) 3.4.2 20041017 (Red Hat 3.4.2-6.fc3)
Copyright (C) 2004 Free Software Foundation, Inc.

GNU Fortran comes with NO WARRANTY, to the extent permitted by law.
You may redistribute copies of GNU Fortran
under the terms of the GNU General Public License.
For more information about these matters, see the file named COPYING
or type the command `info -f g77 Copying'.
configure:5221: $? = 0
configure:5223: g77 -v </dev/null >&5
Reading specs from /usr/lib/gcc/i386-redhat-linux/3.4.2/specs
Configured with: ../configure --prefix=/usr --mandir=/usr/share/man --infodir=/usr/share/info --enable-shared --enable-threads=posix --disable-checking --with-system-zlib --enable-__cxa_atexit --disable-libunwind-exceptions --enable-java-awt=gtk --host=i386-redhat-linux
Thread model: posix
gcc version 3.4.2 20041017 (Red Hat 3.4.2-6.fc3)
configure:5226: $? = 0
configure:5228: g77 -V </dev/null >&5
g77: `-V' option must have argument
configure:5231: $? = 1
configure:5239: checking whether we are using the GNU Fortran 77 compiler
configure:5253: g77 -c  conftest.F >&5
configure:5259: $? = 0
configure:5262: test -z 			 || test ! -s conftest.err
configure:5265: $? = 0
configure:5268: test -s conftest.o
configure:5271: $? = 0
configure:5284: result: yes
configure:5290: checking whether g77 accepts -g
configure:5302: g77 -c -g conftest.f >&5
configure:5308: $? = 0
configure:5311: test -z 			 || test ! -s conftest.err
configure:5314: $? = 0
configure:5317: test -s conftest.o
configure:5320: $? = 0
configure:5332: result: yes
configure:5362: checking the maximum length of command line arguments
configure:5427: result: 32768
configure:5438: checking command to parse /stdev/development/toolchain/mips/mipseltools-20060308/bin/mipsel-linux-nm -B output from mipsel-linux-gcc object
configure:5527: mipsel-linux-gcc -c -g -O2  conftest.c >&5
configure:5530: $? = 0
configure:5534: /stdev/development/toolchain/mips/mipseltools-20060308/bin/mipsel-linux-nm -B conftest.o \| sed -n -e 's/^.*[ 	]\([ABCDGIRSTW][ABCDGIRSTW]*\)[ 	][ 	]*\(\)\([_A-Za-z][_A-Za-z0-9]*\)$/\1 \2\3 \3/p' \> conftest.nm
configure:5537: $? = 0
configure:5589: mipsel-linux-gcc -o conftest -g -O2   conftest.c conftstm.o >&5
configure:5592: $? = 0
configure:5630: result: ok
configure:5634: checking for objdir
configure:5649: result: .libs
configure:5701: checking for mipsel-linux-ar
configure:5717: found /stdev/development/toolchain/mips/mipseltools-20060308/bin/mipsel-linux-ar
configure:5727: result: mipsel-linux-ar
configure:5781: checking for mipsel-linux-ranlib
configure:5797: found /stdev/development/toolchain/mips/mipseltools-20060308/bin/mipsel-linux-ranlib
configure:5807: result: mipsel-linux-ranlib
configure:5861: checking for mipsel-linux-strip
configure:5887: result: mipsel-linux-strip
configure:6188: checking if mipsel-linux-gcc static flag  works
configure:6211: result: yes
configure:6229: checking if mipsel-linux-gcc supports -fno-rtti -fno-exceptions
configure:6247: mipsel-linux-gcc -c -g -O2  -fno-rtti -fno-exceptions conftest.c >&5
cc1: warning: "-fno-rtti" is valid for C++ but not for C/ObjC
configure:6251: $? = 0
configure:6262: result: no
configure:6277: checking for mipsel-linux-gcc option to produce PIC
configure:6454: result: -fPIC
configure:6462: checking if mipsel-linux-gcc PIC flag -fPIC works
configure:6480: mipsel-linux-gcc -c -g -O2  -fPIC -DPIC conftest.c >&5
configure:6484: $? = 0
configure:6495: result: yes
configure:6519: checking if mipsel-linux-gcc supports -c -o file.o
configure:6540: mipsel-linux-gcc -c -g -O2  -o out/conftest2.o conftest.c >&5
configure:6544: $? = 0
configure:6564: result: yes
configure:6590: checking whether the mipsel-linux-gcc linker (/stdev/development/toolchain/mips/mipseltools-20060308/mipsel-linux/bin/ld) supports shared libraries
configure:7436: result: yes
configure:7507: checking dynamic linker characteristics
configure:8047: result: GNU/Linux ld.so
configure:8051: checking how to hardcode library paths into programs
configure:8076: result: immediate
configure:8090: checking whether stripping libraries is possible
configure:8095: result: yes
configure:8918: checking if libtool supports shared libraries
configure:8920: result: yes
configure:8923: checking whether to build shared libraries
configure:8981: result: no
configure:8984: checking whether to build static libraries
configure:8988: result: yes
configure:9080: creating libtool
configure:9627: checking for ld used by mipsel-linux-g++
configure:9694: result: /stdev/development/toolchain/mips/mipseltools-20060308/mipsel-linux/bin/ld
configure:9703: checking if the linker (/stdev/development/toolchain/mips/mipseltools-20060308/mipsel-linux/bin/ld) is GNU ld
configure:9718: result: yes
configure:9769: checking whether the mipsel-linux-g++ linker (/stdev/development/toolchain/mips/mipseltools-20060308/mipsel-linux/bin/ld) supports shared libraries
configure:10595: result: yes
configure:10613: mipsel-linux-g++ -c -g -O2  conftest.cc >&5
configure:10616: $? = 0
configure:10712: checking for mipsel-linux-g++ option to produce PIC
configure:10964: result: -fPIC
configure:10972: checking if mipsel-linux-g++ PIC flag -fPIC works
configure:10990: mipsel-linux-g++ -c -g -O2  -fPIC -DPIC conftest.cc >&5
configure:10994: $? = 0
configure:11005: result: yes
configure:11029: checking if mipsel-linux-g++ supports -c -o file.o
configure:11050: mipsel-linux-g++ -c -g -O2  -o out/conftest2.o conftest.cc >&5
configure:11054: $? = 0
configure:11074: result: yes
configure:11100: checking whether the mipsel-linux-g++ linker (/stdev/development/toolchain/mips/mipseltools-20060308/mipsel-linux/bin/ld) supports shared libraries
configure:11125: result: yes
configure:11196: checking dynamic linker characteristics
configure:11736: result: GNU/Linux ld.so
configure:11740: checking how to hardcode library paths into programs
configure:11765: result: immediate
configure:11779: checking whether stripping libraries is possible
configure:11784: result: yes
configure:13084: checking if libtool supports shared libraries
configure:13086: result: yes
configure:13089: checking whether to build shared libraries
configure:13107: result: no
configure:13110: checking whether to build static libraries
configure:13114: result: yes
configure:13126: checking for g77 option to produce PIC
configure:13303: result: -fPIC
configure:13311: checking if g77 PIC flag -fPIC works
configure:13329: g77 -c -g -O2 -fPIC conftest.f >&5
configure:13333: $? = 0
configure:13344: result: yes
configure:13368: checking if g77 supports -c -o file.o
configure:13389: g77 -c -g -O2 -o out/conftest2.o conftest.f >&5
configure:13393: $? = 0
configure:13413: result: yes
configure:13439: checking whether the g77 linker (/stdev/development/toolchain/mips/mipseltools-20060308/mipsel-linux/bin/ld) supports shared libraries
configure:14265: result: yes
configure:14336: checking dynamic linker characteristics
configure:14876: result: GNU/Linux ld.so
configure:14880: checking how to hardcode library paths into programs
configure:14905: result: immediate
configure:14919: checking whether stripping libraries is possible
configure:14924: result: yes
configure:19056: checking for ANSI C header files
configure:19211: result: yes
configure:19236: checking assert.h usability
configure:19248: mipsel-linux-gcc -c -Wall  conftest.c >&5
configure:19254: $? = 0
configure:19257: test -z 			 || test ! -s conftest.err
configure:19260: $? = 0
configure:19263: test -s conftest.o
configure:19266: $? = 0
configure:19276: result: yes
configure:19280: checking assert.h presence
configure:19290: mipsel-linux-gcc -E  conftest.c
configure:19296: $? = 0
configure:19316: result: yes
configure:19351: checking for assert.h
configure:19358: result: yes
configure:19227: checking for unistd.h
configure:19232: result: yes
configure:19382: checking zlib.h usability
configure:19394: mipsel-linux-gcc -c -Wall  conftest.c >&5
configure:19400: $? = 0
configure:19403: test -z 			 || test ! -s conftest.err
configure:19406: $? = 0
configure:19409: test -s conftest.o
configure:19412: $? = 0
configure:19422: result: yes
configure:19426: checking zlib.h presence
configure:19436: mipsel-linux-gcc -E  conftest.c
configure:19442: $? = 0
configure:19462: result: yes
configure:19497: checking for zlib.h
configure:19504: result: yes
configure:19527: checking for an ANSI C-conforming const
configure:19594: mipsel-linux-gcc -c -Wall  conftest.c >&5
conftest.c: In function `main':
conftest.c:55: warning: unused variable `s'
conftest.c:75: warning: unused variable `foo'
conftest.c:36: warning: unused variable `x'
conftest.c:42: warning: unused variable `zero'
configure:19600: $? = 0
configure:19603: test -z 			 || test ! -s conftest.err
configure:19606: $? = 0
configure:19609: test -s conftest.o
configure:19612: $? = 0
configure:19623: result: yes
configure:19633: checking for inline
configure:19654: mipsel-linux-gcc -c -Wall  conftest.c >&5
configure:19660: $? = 0
configure:19663: test -z 			 || test ! -s conftest.err
configure:19666: $? = 0
configure:19669: test -s conftest.o
configure:19672: $? = 0
configure:19684: result: inline
configure:19709: checking for ftruncate
configure:19766: mipsel-linux-gcc -o conftest -Wall   conftest.c  >&5
configure:19772: $? = 0
configure:19775: test -z 			 || test ! -s conftest.err
configure:19778: $? = 0
configure:19781: test -s conftest
configure:19784: $? = 0
configure:19796: result: yes
configure:19808: checking for compress2 in -lz
configure:19838: mipsel-linux-gcc -o conftest -Wall   conftest.c -lz   >&5
configure:19844: $? = 0
configure:19847: test -z 			 || test ! -s conftest.err
configure:19850: $? = 0
configure:19853: test -s conftest
configure:19856: $? = 0
configure:19869: result: yes
configure:19949: checking whether to enable profiling
configure:19960: result: no
configure:19963: checking whether to enable debugging
configure:20000: result: no
configure:20145: creating ./config.status

## ---------------------- ##
## Running config.status. ##
## ---------------------- ##

This file was extended by ID3 Tag config.status 0.15.1b, which was
generated by GNU Autoconf 2.59.  Invocation command line was

  CONFIG_FILES    = 
  CONFIG_HEADERS  = 
  CONFIG_LINKS    = 
  CONFIG_COMMANDS = 
  $ ./config.status 

on stlnx.ic

config.status:756: creating Makefile
config.status:756: creating msvc++/Makefile
config.status:756: creating libid3tag.list
config.status:822: creating config.h
config.status:1122: executing depfiles commands

## ---------------- ##
## Cache variables. ##
## ---------------- ##

ac_cv_build=i686-pc-linux-gnu
ac_cv_build_alias=i686-pc-linux-gnu
ac_cv_c_compiler_gnu=yes
ac_cv_c_const=yes
ac_cv_c_inline=inline
ac_cv_cxx_compiler_gnu=yes
ac_cv_env_CC_set=set
ac_cv_env_CC_value=mipsel-linux-gcc
ac_cv_env_CFLAGS_set=
ac_cv_env_CFLAGS_value=
ac_cv_env_CPPFLAGS_set=
ac_cv_env_CPPFLAGS_value=
ac_cv_env_CPP_set=
ac_cv_env_CPP_value=
ac_cv_env_CXXCPP_set=
ac_cv_env_CXXCPP_value=
ac_cv_env_CXXFLAGS_set=
ac_cv_env_CXXFLAGS_value=
ac_cv_env_CXX_set=
ac_cv_env_CXX_value=
ac_cv_env_F77_set=
ac_cv_env_F77_value=
ac_cv_env_FFLAGS_set=
ac_cv_env_FFLAGS_value=
ac_cv_env_LDFLAGS_set=
ac_cv_env_LDFLAGS_value=
ac_cv_env_build_alias_set=
ac_cv_env_build_alias_value=
ac_cv_env_host_alias_set=set
ac_cv_env_host_alias_value=mipsel-linux
ac_cv_env_target_alias_set=
ac_cv_env_target_alias_value=
ac_cv_exeext=
ac_cv_f77_compiler_gnu=yes
ac_cv_func_ftruncate=yes
ac_cv_header_assert_h=yes
ac_cv_header_dlfcn_h=yes
ac_cv_header_inttypes_h=yes
ac_cv_header_memory_h=yes
ac_cv_header_stdc=yes
ac_cv_header_stdint_h=yes
ac_cv_header_stdlib_h=yes
ac_cv_header_string_h=yes
ac_cv_header_strings_h=yes
ac_cv_header_sys_stat_h=yes
ac_cv_header_sys_types_h=yes
ac_cv_header_unistd_h=yes
ac_cv_header_zlib_h=yes
ac_cv_host=mipsel-unknown-linux-gnu
ac_cv_host_alias=mipsel-linux
ac_cv_lib_z_compress2=yes
ac_cv_objext=o
ac_cv_path_install='/usr/bin/install -c'
ac_cv_prog_AR=mipsel-linux-ar
ac_cv_prog_AWK=gawk
ac_cv_prog_CC=mipsel-linux-gcc
ac_cv_prog_CPP='mipsel-linux-gcc -E'
ac_cv_prog_CXX=mipsel-linux-g++
ac_cv_prog_CXXCPP='mipsel-linux-g++ -E'
ac_cv_prog_RANLIB=mipsel-linux-ranlib
ac_cv_prog_STRIP=mipsel-linux-strip
ac_cv_prog_ac_ct_F77=g77
ac_cv_prog_cc_g=yes
ac_cv_prog_cc_stdc=
ac_cv_prog_cxx_g=yes
ac_cv_prog_egrep='grep -E'
ac_cv_prog_f77_g=yes
ac_cv_prog_make_make_set=yes
am_cv_CC_dependencies_compiler_type=gcc3
am_cv_CXX_dependencies_compiler_type=gcc3
lt_cv_deplibs_check_method=pass_all
lt_cv_file_magic_cmd='$MAGIC_CMD'
lt_cv_file_magic_test_file=
lt_cv_ld_reload_flag=-r
lt_cv_objdir=.libs
lt_cv_path_LD=/stdev/development/toolchain/mips/mipseltools-20060308/mipsel-linux/bin/ld
lt_cv_path_LDCXX=/stdev/development/toolchain/mips/mipseltools-20060308/mipsel-linux/bin/ld
lt_cv_path_NM='/stdev/development/toolchain/mips/mipseltools-20060308/bin/mipsel-linux-nm -B'
lt_cv_path_SED=/bin/sed
lt_cv_prog_compiler_c_o=yes
lt_cv_prog_compiler_c_o_CXX=yes
lt_cv_prog_compiler_c_o_F77=yes
lt_cv_prog_compiler_rtti_exceptions=no
lt_cv_prog_gnu_ld=yes
lt_cv_prog_gnu_ldcxx=yes
lt_cv_sys_global_symbol_pipe='sed -n -e '\''s/^.*[ 	]\([ABCDGIRSTW][ABCDGIRSTW]*\)[ 	][ 	]*\(\)\([_A-Za-z][_A-Za-z0-9]*\)$/\1 \2\3 \3/p'\'''
lt_cv_sys_global_symbol_to_c_name_address='sed -n -e '\''s/^: \([^ ]*\) $/  {\"\1\", (lt_ptr) 0},/p'\'' -e '\''s/^[BCDEGRST] \([^ ]*\) \([^ ]*\)$/  {"\2", (lt_ptr) \&\2},/p'\'''
lt_cv_sys_global_symbol_to_cdecl='sed -n -e '\''s/^. .* \(.*\)$/extern int \1;/p'\'''
lt_cv_sys_max_cmd_len=32768
lt_lt_cv_prog_compiler_c_o='"yes"'
lt_lt_cv_prog_compiler_c_o_CXX='"yes"'
lt_lt_cv_prog_compiler_c_o_F77='"yes"'
lt_lt_cv_sys_global_symbol_pipe='"sed -n -e '\''s/^.*[ 	]\\([ABCDGIRSTW][ABCDGIRSTW]*\\)[ 	][ 	]*\\(\\)\\([_A-Za-z][_A-Za-z0-9]*\\)\$/\\1 \\2\\3 \\3/p'\''"'
lt_lt_cv_sys_global_symbol_to_c_name_address='"sed -n -e '\''s/^: \\([^ ]*\\) \$/  {\\\"\\1\\\", (lt_ptr) 0},/p'\'' -e '\''s/^[BCDEGRST] \\([^ ]*\\) \\([^ ]*\\)\$/  {\"\\2\", (lt_ptr) \\&\\2},/p'\''"'
lt_lt_cv_sys_global_symbol_to_cdecl='"sed -n -e '\''s/^. .* \\(.*\\)\$/extern int \\1;/p'\''"'

## ----------------- ##
## Output variables. ##
## ----------------- ##

ACLOCAL='${SHELL} /home/cjfeng/06app/madplay/libid3tag-0.15.1b/missing --run aclocal-1.8'
AMDEPBACKSLASH='\'
AMDEP_FALSE='#'
AMDEP_TRUE=''
AMTAR='${SHELL} /home/cjfeng/06app/madplay/libid3tag-0.15.1b/missing --run tar'
AR='mipsel-linux-ar'
AUTOCONF='${SHELL} /home/cjfeng/06app/madplay/libid3tag-0.15.1b/missing --run autoconf'
AUTOHEADER='${SHELL} /home/cjfeng/06app/madplay/libid3tag-0.15.1b/missing --run autoheader'
AUTOMAKE='${SHELL} /home/cjfeng/06app/madplay/libid3tag-0.15.1b/missing --run automake-1.8'
AWK='gawk'
CC='mipsel-linux-gcc'
CCDEPMODE='depmode=gcc3'
CFLAGS='-Wall -O2 -fomit-frame-pointer'
CPP='mipsel-linux-gcc -E'
CPPFLAGS=''
CXX='mipsel-linux-g++'
CXXCPP='mipsel-linux-g++ -E'
CXXDEPMODE='depmode=gcc3'
CXXFLAGS='-g -O2'
CYGPATH_W='echo'
DEBUG_FALSE=''
DEBUG_TRUE='#'
DEFS='-DHAVE_CONFIG_H'
DEPDIR='.deps'
ECHO='echo'
ECHO_C=''
ECHO_N='-n'
ECHO_T=''
EGREP='grep -E'
EXEEXT=''
F77='g77'
FFLAGS='-g -O2'
INSTALL_DATA='${INSTALL} -m 644'
INSTALL_PROGRAM='${INSTALL}'
INSTALL_SCRIPT='${INSTALL}'
INSTALL_STRIP_PROGRAM='${SHELL} $(install_sh) -c -s'
LDFLAGS=''
LIBOBJS=''
LIBS='-lz '
LIBTOOL='$(SHELL) $(top_builddir)/libtool'
LIBTOOL_DEPS='./ltmain.sh'
LN_S='ln -s'
LTLIBOBJS=''
MAKEINFO='${SHELL} /home/cjfeng/06app/madplay/libid3tag-0.15.1b/missing --run makeinfo'
OBJEXT='o'
PACKAGE='libid3tag'
PACKAGE_BUGREPORT='support@underbit.com'
PACKAGE_NAME='ID3 Tag'
PACKAGE_STRING='ID3 Tag 0.15.1b'
PACKAGE_TARNAME='libid3tag'
PACKAGE_VERSION='0.15.1b'
PATH_SEPARATOR=':'
RANLIB='mipsel-linux-ranlib'
SET_MAKE=''
SHELL='/bin/sh'
STRIP='mipsel-linux-strip'
VERSION='0.15.1b'
ac_ct_AR=''
ac_ct_CC=''
ac_ct_CXX=''
ac_ct_F77='g77'
ac_ct_RANLIB=''
ac_ct_STRIP=''
am__fastdepCC_FALSE='#'
am__fastdepCC_TRUE=''
am__fastdepCXX_FALSE='#'
am__fastdepCXX_TRUE=''
am__include='include'
am__leading_dot='.'
am__quote=''
bindir='${exec_prefix}/bin'
build='i686-pc-linux-gnu'
build_alias=''
build_cpu='i686'
build_os='linux-gnu'
build_vendor='pc'
datadir='${prefix}/share'
exec_prefix='${prefix}'
host='mipsel-unknown-linux-gnu'
host_alias='mipsel-linux'
host_cpu='mipsel'
host_os='linux-gnu'
host_vendor='unknown'
includedir='${prefix}/include'
infodir='${prefix}/info'
install_sh='/home/cjfeng/06app/madplay/libid3tag-0.15.1b/install-sh'
libdir='${exec_prefix}/lib'
libexecdir='${exec_prefix}/libexec'
localstatedir='${prefix}/var'
mandir='${prefix}/man'
mkdir_p='mkdir -p -- .'
oldincludedir='/usr/include'
prefix='/home/cjfeng/app2.6/mips-linux'
program_transform_name='s,x,x,'
sbindir='${exec_prefix}/sbin'
sharedstatedir='${prefix}/com'
sysconfdir='${prefix}/etc'
target_alias=''

## ----------- ##
## confdefs.h. ##
## ----------- ##

#define HAVE_ASSERT_H 1
#define HAVE_DLFCN_H 1
#define HAVE_FTRUNCATE 1
#define HAVE_INTTYPES_H 1
#define HAVE_LIBZ 1
#define HAVE_MEMORY_H 1
#define HAVE_STDINT_H 1
#define HAVE_STDLIB_H 1
#define HAVE_STRINGS_H 1
#define HAVE_STRING_H 1
#define HAVE_SYS_STAT_H 1
#define HAVE_SYS_TYPES_H 1
#define HAVE_UNISTD_H 1
#define HAVE_UNISTD_H 1
#define NDEBUG 1
#define PACKAGE "libid3tag"
#define PACKAGE_BUGREPORT "support@underbit.com"
#define PACKAGE_NAME "ID3 Tag"
#define PACKAGE_STRING "ID3 Tag 0.15.1b"
#define PACKAGE_TARNAME "libid3tag"
#define PACKAGE_VERSION "0.15.1b"
#define STDC_HEADERS 1
#define STDC_HEADERS 1
#define VERSION "0.15.1b"
#endif
#ifdef __cplusplus
extern "C" void std::exit (int) throw (); using std::exit;

configure: exit 0

## ---------------------- ##
## Running config.status. ##
## ---------------------- ##

This file was extended by ID3 Tag config.status 0.15.1b, which was
generated by GNU Autoconf 2.59.  Invocation command line was

  CONFIG_FILES    = 
  CONFIG_HEADERS  = 
  CONFIG_LINKS    = 
  CONFIG_COMMANDS = 
  $ ./config.status config.h

on st.linux

config.status:822: creating config.h
